<?xml version="1.0" encoding="UTF-8"?>
<testng-results skipped="0" failed="0" ignored="0" total="4" passed="4">
  <reporter-output>
  </reporter-output>
  <suite name="Suite" duration-ms="145647" started-at="2020-08-15T12:37:30Z" finished-at="2020-08-15T12:39:56Z">
    <groups>
    </groups>
    <test name="Validating User login" duration-ms="94240" started-at="2020-08-15T12:37:30Z" finished-at="2020-08-15T12:39:05Z">
      <class name="Academy.HomePage">
        <test-method status="PASS" signature="initialize()[pri:0, instance:Academy.HomePage@6cd28fa7]" name="initialize" is-config="true" duration-ms="38274" started-at="2020-08-15T18:07:30Z" finished-at="2020-08-15T18:08:09Z">
          <reporter-output>
          </reporter-output>
        </test-method> <!-- initialize -->
        <test-method status="PASS" signature="basePageNavigation(java.lang.String, java.lang.String, java.lang.String)[pri:0, instance:Academy.HomePage@6cd28fa7]" name="basePageNavigation" duration-ms="49780" started-at="2020-08-15T18:08:09Z" data-provider="getData" finished-at="2020-08-15T18:08:59Z">
          <params>
            <param index="0">
              <value>
                <![CDATA[nonrestricteduser@qw.com]]>
              </value>
            </param>
            <param index="1">
              <value>
                <![CDATA[123456]]>
              </value>
            </param>
            <param index="2">
              <value>
                <![CDATA[Restrcited User]]>
              </value>
            </param>
          </params>
          <reporter-output>
          </reporter-output>
        </test-method> <!-- basePageNavigation -->
        <test-method status="PASS" signature="basePageNavigation(java.lang.String, java.lang.String, java.lang.String)[pri:0, instance:Academy.HomePage@6cd28fa7]" name="basePageNavigation" duration-ms="5114" started-at="2020-08-15T18:08:59Z" data-provider="getData" finished-at="2020-08-15T18:09:04Z">
          <params>
            <param index="0">
              <value>
                <![CDATA[restricteduser@qw.com]]>
              </value>
            </param>
            <param index="1">
              <value>
                <![CDATA[456788]]>
              </value>
            </param>
            <param index="2">
              <value>
                <![CDATA[Non restricted user]]>
              </value>
            </param>
          </params>
          <reporter-output>
          </reporter-output>
        </test-method> <!-- basePageNavigation -->
        <test-method status="PASS" signature="teardown()[pri:0, instance:Academy.HomePage@6cd28fa7]" name="teardown" is-config="true" duration-ms="838" started-at="2020-08-15T18:09:04Z" finished-at="2020-08-15T18:09:05Z">
          <reporter-output>
          </reporter-output>
        </test-method> <!-- teardown -->
      </class> <!-- Academy.HomePage -->
    </test> <!-- Validating User login -->
    <test name="Validating title in the Page" duration-ms="10753" started-at="2020-08-15T12:39:06Z" finished-at="2020-08-15T12:39:17Z">
      <class name="Academy.validateTitle">
        <test-method status="PASS" signature="initialize()[pri:0, instance:Academy.validateTitle@5d0a1059]" name="initialize" is-config="true" duration-ms="10501" started-at="2020-08-15T18:09:06Z" finished-at="2020-08-15T18:09:16Z">
          <reporter-output>
          </reporter-output>
        </test-method> <!-- initialize -->
        <test-method status="PASS" signature="validateAppTitle()[pri:0, instance:Academy.validateTitle@5d0a1059]" name="validateAppTitle" duration-ms="88" started-at="2020-08-15T18:09:16Z" finished-at="2020-08-15T18:09:17Z">
          <reporter-output>
          </reporter-output>
        </test-method> <!-- validateAppTitle -->
        <test-method status="PASS" signature="teardown()[pri:0, instance:Academy.validateTitle@5d0a1059]" name="teardown" is-config="true" duration-ms="161" started-at="2020-08-15T18:09:17Z" finished-at="2020-08-15T18:09:17Z">
          <reporter-output>
          </reporter-output>
        </test-method> <!-- teardown -->
      </class> <!-- Academy.validateTitle -->
    </test> <!-- Validating title in the Page -->
    <test name="App Testing" duration-ms="4" started-at="2020-08-15T12:39:18Z" finished-at="2020-08-15T12:39:18Z">
    </test> <!-- App Testing -->
    <test name="Validating navigation Bar" duration-ms="38036" started-at="2020-08-15T12:39:18Z" finished-at="2020-08-15T12:39:56Z">
      <class name="Academy.validateNavigationBar">
        <test-method status="PASS" signature="initialize()[pri:0, instance:Academy.validateNavigationBar@4b7dc788]" name="initialize" is-config="true" duration-ms="26333" started-at="2020-08-15T18:09:18Z" finished-at="2020-08-15T18:09:44Z">
          <reporter-output>
          </reporter-output>
        </test-method> <!-- initialize -->
        <test-method status="PASS" signature="validateAppNavBar()[pri:0, instance:Academy.validateNavigationBar@4b7dc788]" name="validateAppNavBar" duration-ms="3610" started-at="2020-08-15T18:09:44Z" finished-at="2020-08-15T18:09:48Z">
          <reporter-output>
          </reporter-output>
        </test-method> <!-- validateAppNavBar -->
        <test-method status="PASS" signature="teardown()[pri:0, instance:Academy.validateNavigationBar@4b7dc788]" name="teardown" is-config="true" duration-ms="8091" started-at="2020-08-15T18:09:48Z" finished-at="2020-08-15T18:09:56Z">
          <reporter-output>
          </reporter-output>
        </test-method> <!-- teardown -->
      </class> <!-- Academy.validateNavigationBar -->
    </test> <!-- Validating navigation Bar -->
  </suite> <!-- Suite -->
</testng-results>
